<?xml version="1.0" encoding="UTF-8"?>
<!-- Generated by org.testng.reporters.JUnitXMLReporter -->
<testsuite hostname="DESKTOP-CHEFHGA" ignored="0" name="Default test" tests="4" failures="0" timestamp="2019-09-27T11:10:04 UYT" time="91.984" errors="0">
  <testcase name="CreateRuleTest" time="25.77" classname="TestSuite.CreateRuleComun"/>
  <testcase name="CreateRuleTest" time="21.155" classname="TestSuite.CreateRuleComun"/>
  <testcase name="CreateRuleTest" time="19.889" classname="TestSuite.CreateRuleComun"/>
  <testcase name="CreateRuleTest" time="20.172" classname="TestSuite.CreateRuleComun"/>
</testsuite> <!-- Default test -->
